2022-12-09 17:12:47,664	INFO	b**********@g****.com	获得了 486MB 流量.
2022-12-09 17:21:47,578	INFO	b**********@g****.com	您似乎已经签到过了...
2022-12-09 10:09:58,264	INFO	b**********@g****.com	您似乎已经签到过了...
2022-12-09 10:18:44,444	INFO	b**********@g****.com	您似乎已经签到过了...
2022-12-09 16:29:04,166	INFO	b**********@g****.com	获得了 309MB 流量.
2022-12-10 16:27:45,663	INFO	b**********@g****.com	获得了 335MB 流量.
2022-12-11 16:27:27,447	INFO	b**********@g****.com	获得了 344MB 流量.
2022-12-12 16:30:32,608	INFO	b**********@g****.com	获得了 432MB 流量.
2022-12-13 16:29:47,271	INFO	b**********@g****.com	获得了 300MB 流量.
2022-12-14 16:29:50,968	INFO	b**********@g****.com	获得了 499MB 流量.
2022-12-15 16:30:14,599	INFO	b**********@g****.com	获得了 325MB 流量.
2022-12-16 16:27:39,197	INFO	b**********@g****.com	获得了 446MB 流量.
2022-12-17 16:25:25,032	INFO	b**********@g****.com	获得了 473MB 流量.
2022-12-18 16:25:47,109	INFO	b**********@g****.com	获得了 477MB 流量.
2022-12-19 16:30:16,895	INFO	b**********@g****.com	获得了 425MB 流量.
2022-12-20 16:29:05,656	INFO	b**********@g****.com	获得了 332MB 流量.
2022-12-21 16:28:58,861	INFO	b**********@g****.com	获得了 316MB 流量.
2022-12-22 16:27:48,190	INFO	b**********@g****.com	获得了 388MB 流量.
2022-12-23 16:27:09,040	INFO	b**********@g****.com	获得了 305MB 流量.
2022-12-24 16:26:22,576	INFO	b**********@g****.com	获得了 392MB 流量.
2022-12-25 16:25:56,920	INFO	b**********@g****.com	获得了 444MB 流量.
2022-12-26 16:26:26,158	INFO	b**********@g****.com	获得了 431MB 流量.
2022-12-27 16:26:43,785	INFO	b**********@g****.com	获得了 410MB 流量.
2022-12-28 16:26:46,892	INFO	b**********@g****.com	获得了 409MB 流量.
2022-12-29 16:27:08,634	INFO	b**********@g****.com	获得了 427MB 流量.
2022-12-30 09:46:30,601	INFO	b**********@g****.com	您似乎已经签到过了...
2022-12-30 12:55:36,807	INFO	l************@1**.com	您似乎已经签到过了...
2022-12-30 12:55:38,289	INFO	l************@g****.com	获得了 419MB 流量.
2022-12-30 12:55:39,799	INFO	1*********@q*.com	获得了 443MB 流量.
2022-12-30 12:55:41,338	INFO	l*******@o******.com	您似乎已经签到过了...
2022-12-30 12:55:42,856	INFO	1**********@1**.com	获得了 360MB 流量.
2023-01-16 16:37:26,058	INFO	l************@1**.com	您似乎已经签到过了...
2023-01-16 16:37:27,529	INFO	l************@g****.com	您似乎已经签到过了...
2023-01-16 16:37:29,029	INFO	1*********@q*.com	您似乎已经签到过了...
2023-01-16 16:37:30,587	INFO	l*******@o******.com	您似乎已经签到过了...
2023-01-16 16:37:32,091	INFO	1**********@1**.com	您似乎已经签到过了...
2023-01-16 16:37:33,592	INFO	1*********@q*.com	您似乎已经签到过了...
2023-01-16 16:37:35,076	INFO	l*******@1**.com	您似乎已经签到过了...
2023-01-16 16:37:36,585	INFO	l**********@m************.cn	您似乎已经签到过了...
2023-01-17 16:30:48,365	INFO	l************@1**.com	您似乎已经签到过了...
2023-01-17 16:30:49,835	INFO	l************@g****.com	您似乎已经签到过了...
2023-01-17 16:30:51,361	INFO	1*********@q*.com	您似乎已经签到过了...
2023-01-17 16:30:52,909	INFO	l*******@o******.com	您似乎已经签到过了...
2023-01-17 16:30:54,359	INFO	1**********@1**.com	您似乎已经签到过了...
2023-01-17 16:30:55,910	INFO	1*********@q*.com	您似乎已经签到过了...
2023-01-17 16:30:57,381	INFO	l*******@1**.com	您似乎已经签到过了...
2023-01-17 16:30:58,905	INFO	l**********@m************.cn	您似乎已经签到过了...
2023-01-18 16:31:19,624	INFO	l************@1**.com	您似乎已经签到过了...
2023-01-18 16:31:21,182	INFO	l************@g****.com	您似乎已经签到过了...
2023-01-18 16:31:22,764	INFO	1*********@q*.com	您似乎已经签到过了...
2023-01-18 16:31:24,300	INFO	l*******@o******.com	您似乎已经签到过了...
2023-01-18 16:31:25,847	INFO	1**********@1**.com	您似乎已经签到过了...
2023-01-18 16:31:27,321	INFO	1*********@q*.com	您似乎已经签到过了...
2023-01-18 16:31:28,705	INFO	l*******@1**.com	您似乎已经签到过了...
2023-01-18 16:31:30,128	INFO	l**********@m************.cn	您似乎已经签到过了...
2023-01-19 16:32:14,081	INFO	l************@1**.com	您似乎已经签到过了...
2023-01-19 16:32:15,433	INFO	l************@g****.com	您似乎已经签到过了...
2023-01-19 16:32:16,747	INFO	1*********@q*.com	您似乎已经签到过了...
2023-01-19 16:32:18,078	INFO	l*******@o******.com	您似乎已经签到过了...
2023-01-19 16:32:19,422	INFO	1**********@1**.com	您似乎已经签到过了...
2023-01-19 16:32:20,770	INFO	1*********@q*.com	您似乎已经签到过了...
2023-01-19 16:32:22,169	INFO	l*******@1**.com	您似乎已经签到过了...
2023-01-19 16:32:23,520	INFO	l**********@m************.cn	您似乎已经签到过了...
2023-01-20 16:31:30,632	INFO	l************@1**.com	您似乎已经签到过了...
2023-01-20 16:31:32,075	INFO	l************@g****.com	您似乎已经签到过了...
2023-01-20 16:31:33,425	INFO	1*********@q*.com	您似乎已经签到过了...
2023-01-20 16:31:34,728	INFO	l*******@o******.com	您似乎已经签到过了...
2023-01-20 16:31:36,112	INFO	1**********@1**.com	您似乎已经签到过了...
2023-01-20 16:31:37,527	INFO	1*********@q*.com	您似乎已经签到过了...
2023-01-20 16:31:38,877	INFO	l*******@1**.com	您似乎已经签到过了...
2023-01-20 16:31:40,280	INFO	l**********@m************.cn	您似乎已经签到过了...
2023-01-21 16:29:01,924	INFO	l************@1**.com	您似乎已经签到过了...
2023-01-21 16:29:03,410	INFO	l************@g****.com	您似乎已经签到过了...
2023-01-21 16:29:04,954	INFO	1*********@q*.com	您似乎已经签到过了...
2023-01-21 16:29:06,504	INFO	l*******@o******.com	您似乎已经签到过了...
2023-01-21 16:29:08,057	INFO	1**********@1**.com	您似乎已经签到过了...
2023-01-21 16:29:09,564	INFO	1*********@q*.com	您似乎已经签到过了...
2023-01-21 16:29:11,054	INFO	l*******@1**.com	您似乎已经签到过了...
2023-01-21 16:29:12,544	INFO	l**********@m************.cn	您似乎已经签到过了...
2023-01-22 16:28:32,762	INFO	l************@1**.com	您似乎已经签到过了...
2023-01-22 16:28:34,280	INFO	l************@g****.com	您似乎已经签到过了...
2023-01-22 16:28:35,842	INFO	1*********@q*.com	您似乎已经签到过了...
2023-01-22 16:28:37,394	INFO	l*******@o******.com	您似乎已经签到过了...
2023-01-22 16:28:38,903	INFO	1**********@1**.com	您似乎已经签到过了...
2023-01-22 16:28:40,520	INFO	1*********@q*.com	您似乎已经签到过了...
2023-01-22 16:28:42,076	INFO	l*******@1**.com	您似乎已经签到过了...
2023-01-22 16:28:43,615	INFO	l**********@m************.cn	您似乎已经签到过了...
2023-01-23 16:31:09,328	INFO	l************@1**.com	您似乎已经签到过了...
2023-01-23 16:31:11,148	INFO	l************@g****.com	您似乎已经签到过了...
2023-01-23 16:31:12,858	INFO	1*********@q*.com	您似乎已经签到过了...
2023-01-23 16:31:15,542	INFO	l*******@o******.com	您似乎已经签到过了...
2023-01-23 16:31:17,306	INFO	1**********@1**.com	您似乎已经签到过了...
2023-01-23 16:31:19,098	INFO	1*********@q*.com	您似乎已经签到过了...
2023-01-23 16:31:20,851	INFO	l*******@1**.com	您似乎已经签到过了...
2023-01-23 16:31:22,619	INFO	l**********@m************.cn	您似乎已经签到过了...
2023-01-24 16:31:08,333	INFO	l************@1**.com	您似乎已经签到过了...
2023-01-24 16:31:09,573	INFO	l************@g****.com	您似乎已经签到过了...
2023-01-24 16:31:10,868	INFO	1*********@q*.com	您似乎已经签到过了...
2023-01-24 16:31:12,129	INFO	l*******@o******.com	您似乎已经签到过了...
2023-01-24 16:31:13,480	INFO	1**********@1**.com	您似乎已经签到过了...
2023-01-24 16:31:14,752	INFO	1*********@q*.com	您似乎已经签到过了...
2023-01-24 16:31:16,024	INFO	l*******@1**.com	您似乎已经签到过了...
2023-01-24 16:31:17,300	INFO	l**********@m************.cn	您似乎已经签到过了...
2023-01-25 16:30:32,555	INFO	l************@1**.com	您似乎已经签到过了...
2023-01-25 16:30:33,926	INFO	l************@g****.com	您似乎已经签到过了...
2023-01-25 16:30:36,312	INFO	1*********@q*.com	您似乎已经签到过了...
2023-01-25 16:30:38,822	INFO	l*******@o******.com	您似乎已经签到过了...
2023-01-25 16:30:40,686	INFO	1**********@1**.com	您似乎已经签到过了...
2023-01-25 16:30:42,113	INFO	1*********@q*.com	您似乎已经签到过了...
2023-01-25 16:30:44,540	INFO	l*******@1**.com	您似乎已经签到过了...
2023-01-25 16:30:46,934	INFO	l**********@m************.cn	您似乎已经签到过了...
2023-01-26 16:29:54,001	INFO	l************@1**.com	您似乎已经签到过了...
2023-01-26 16:29:55,602	INFO	l************@g****.com	您似乎已经签到过了...
2023-01-26 16:29:57,053	INFO	1*********@q*.com	您似乎已经签到过了...
2023-01-26 16:29:58,550	INFO	l*******@o******.com	您似乎已经签到过了...
2023-01-26 16:30:00,058	INFO	1**********@1**.com	您似乎已经签到过了...
2023-01-26 16:30:01,449	INFO	1*********@q*.com	您似乎已经签到过了...
2023-01-26 16:30:02,953	INFO	l*******@1**.com	您似乎已经签到过了...
2023-01-26 16:30:04,395	INFO	l**********@m************.cn	您似乎已经签到过了...
2023-01-27 16:30:19,258	INFO	l************@1**.com	您似乎已经签到过了...
2023-01-27 16:30:20,640	INFO	l************@g****.com	您似乎已经签到过了...
2023-01-27 16:30:22,005	INFO	1*********@q*.com	您似乎已经签到过了...
2023-01-27 16:30:23,367	INFO	l*******@o******.com	您似乎已经签到过了...
2023-01-27 16:30:24,705	INFO	1**********@1**.com	您似乎已经签到过了...
2023-01-27 16:30:26,073	INFO	1*********@q*.com	您似乎已经签到过了...
2023-01-27 16:30:27,491	INFO	l*******@1**.com	您似乎已经签到过了...
2023-01-27 16:30:28,874	INFO	l**********@m************.cn	您似乎已经签到过了...
2023-01-28 16:28:29,498	INFO	l************@1**.com	您似乎已经签到过了...
2023-01-28 16:28:30,979	INFO	l************@g****.com	您似乎已经签到过了...
2023-01-28 16:28:32,466	INFO	1*********@q*.com	您似乎已经签到过了...
2023-01-28 16:28:33,928	INFO	l*******@o******.com	您似乎已经签到过了...
2023-01-28 16:28:35,414	INFO	1**********@1**.com	您似乎已经签到过了...
2023-01-28 16:28:36,865	INFO	1*********@q*.com	您似乎已经签到过了...
2023-01-28 16:28:38,361	INFO	l*******@1**.com	您似乎已经签到过了...
2023-01-28 16:28:39,800	INFO	l**********@m************.cn	您似乎已经签到过了...
2023-01-29 16:28:28,592	INFO	l************@1**.com	您似乎已经签到过了...
2023-01-29 16:28:30,182	INFO	l************@g****.com	您似乎已经签到过了...
2023-01-29 16:28:31,690	INFO	1*********@q*.com	您似乎已经签到过了...
2023-01-29 16:28:33,230	INFO	l*******@o******.com	您似乎已经签到过了...
2023-01-29 16:28:34,790	INFO	1**********@1**.com	您似乎已经签到过了...
2023-01-29 16:28:36,327	INFO	1*********@q*.com	您似乎已经签到过了...
2023-01-29 16:28:37,832	INFO	l*******@1**.com	您似乎已经签到过了...
2023-01-29 16:28:39,371	INFO	l**********@m************.cn	您似乎已经签到过了...
2023-01-30 16:31:03,837	INFO	l************@1**.com	您似乎已经签到过了...
2023-01-30 16:31:05,359	INFO	l************@g****.com	您似乎已经签到过了...
2023-01-30 16:31:06,947	INFO	1*********@q*.com	您似乎已经签到过了...
2023-01-30 16:31:08,555	INFO	l*******@o******.com	您似乎已经签到过了...
2023-01-30 16:31:10,173	INFO	1**********@1**.com	您似乎已经签到过了...
2023-01-30 16:31:11,692	INFO	1*********@q*.com	您似乎已经签到过了...
2023-01-30 16:31:13,346	INFO	l*******@1**.com	您似乎已经签到过了...
2023-01-30 16:31:15,001	INFO	l**********@m************.cn	您似乎已经签到过了...
2023-01-31 16:31:09,756	INFO	l************@1**.com	您似乎已经签到过了...
2023-01-31 16:31:11,047	INFO	l************@g****.com	您似乎已经签到过了...
2023-01-31 16:31:12,287	INFO	1*********@q*.com	您似乎已经签到过了...
2023-01-31 16:31:13,555	INFO	l*******@o******.com	您似乎已经签到过了...
2023-01-31 16:31:14,817	INFO	1**********@1**.com	您似乎已经签到过了...
2023-01-31 16:31:16,028	INFO	1*********@q*.com	您似乎已经签到过了...
2023-01-31 16:31:17,241	INFO	l*******@1**.com	您似乎已经签到过了...
2023-01-31 16:31:18,533	INFO	l**********@m************.cn	您似乎已经签到过了...
2023-02-01 16:30:25,861	INFO	l************@1**.com	您似乎已经签到过了...
2023-02-01 16:30:27,341	INFO	l************@g****.com	您似乎已经签到过了...
2023-02-01 16:30:28,888	INFO	1*********@q*.com	您似乎已经签到过了...
2023-02-01 16:30:30,410	INFO	l*******@o******.com	您似乎已经签到过了...
2023-02-01 16:30:31,890	INFO	1**********@1**.com	您似乎已经签到过了...
2023-02-01 16:30:33,419	INFO	1*********@q*.com	您似乎已经签到过了...
2023-02-01 16:30:34,879	INFO	l*******@1**.com	您似乎已经签到过了...
2023-02-01 16:30:36,392	INFO	l**********@m************.cn	您似乎已经签到过了...
2023-02-02 16:31:38,765	INFO	l************@1**.com	您似乎已经签到过了...
2023-02-02 16:31:40,272	INFO	l************@g****.com	您似乎已经签到过了...
2023-02-02 16:31:41,773	INFO	1*********@q*.com	您似乎已经签到过了...
2023-02-02 16:31:43,313	INFO	l*******@o******.com	您似乎已经签到过了...
2023-02-02 16:31:44,878	INFO	1**********@1**.com	您似乎已经签到过了...
2023-02-02 16:31:46,396	INFO	1*********@q*.com	您似乎已经签到过了...
2023-02-02 16:31:47,912	INFO	l*******@1**.com	您似乎已经签到过了...
2023-02-02 16:31:49,366	INFO	l**********@m************.cn	您似乎已经签到过了...
2023-02-03 16:30:49,330	INFO	l************@1**.com	您似乎已经签到过了...
2023-02-03 16:30:50,597	INFO	l************@g****.com	您似乎已经签到过了...
2023-02-03 16:30:51,907	INFO	1*********@q*.com	您似乎已经签到过了...
2023-02-03 16:30:53,199	INFO	l*******@o******.com	您似乎已经签到过了...
2023-02-03 16:30:54,520	INFO	1**********@1**.com	您似乎已经签到过了...
2023-02-03 16:30:55,759	INFO	1*********@q*.com	您似乎已经签到过了...
2023-02-03 16:30:56,978	INFO	l*******@1**.com	您似乎已经签到过了...
2023-02-03 16:30:58,249	INFO	l**********@m************.cn	您似乎已经签到过了...
2023-02-04 16:28:53,969	INFO	l************@1**.com	您似乎已经签到过了...
2023-02-04 16:28:55,420	INFO	l************@g****.com	您似乎已经签到过了...
2023-02-04 16:28:57,235	INFO	1*********@q*.com	您似乎已经签到过了...
2023-02-04 16:28:59,412	INFO	l*******@o******.com	您似乎已经签到过了...
2023-02-04 16:29:01,391	INFO	1**********@1**.com	您似乎已经签到过了...
2023-02-04 16:29:03,083	INFO	1*********@q*.com	您似乎已经签到过了...
2023-02-04 16:29:04,687	INFO	l*******@1**.com	您似乎已经签到过了...
2023-02-04 16:29:06,477	INFO	l**********@m************.cn	您似乎已经签到过了...
2023-02-05 16:28:33,013	INFO	l************@1**.com	您似乎已经签到过了...
2023-02-05 16:28:34,416	INFO	l************@g****.com	您似乎已经签到过了...
2023-02-05 16:28:36,189	INFO	1*********@q*.com	您似乎已经签到过了...
2023-02-05 16:28:37,781	INFO	l*******@o******.com	您似乎已经签到过了...
2023-02-05 16:28:39,101	INFO	1**********@1**.com	您似乎已经签到过了...
2023-02-05 16:28:40,726	INFO	1*********@q*.com	您似乎已经签到过了...
2023-02-05 16:28:42,100	INFO	l*******@1**.com	您似乎已经签到过了...
2023-02-05 16:28:43,606	INFO	l**********@m************.cn	您似乎已经签到过了...
2023-02-06 16:30:40,071	INFO	l************@1**.com	您似乎已经签到过了...
2023-02-06 16:30:41,614	INFO	l************@g****.com	您似乎已经签到过了...
2023-02-06 16:30:43,173	INFO	1*********@q*.com	您似乎已经签到过了...
2023-02-06 16:30:44,792	INFO	l*******@o******.com	您似乎已经签到过了...
2023-02-06 16:30:46,316	INFO	1**********@1**.com	您似乎已经签到过了...
2023-02-06 16:30:47,921	INFO	1*********@q*.com	您似乎已经签到过了...
2023-02-06 16:30:49,450	INFO	l*******@1**.com	您似乎已经签到过了...
2023-02-06 16:30:50,969	INFO	l**********@m************.cn	您似乎已经签到过了...
2023-02-07 16:31:38,857	INFO	l************@1**.com	您似乎已经签到过了...
2023-02-07 16:31:40,318	INFO	l************@g****.com	您似乎已经签到过了...
2023-02-07 16:31:41,793	INFO	1*********@q*.com	您似乎已经签到过了...
2023-02-07 16:31:43,293	INFO	l*******@o******.com	您似乎已经签到过了...
2023-02-07 16:31:44,797	INFO	1**********@1**.com	您似乎已经签到过了...
2023-02-07 16:31:46,265	INFO	1*********@q*.com	您似乎已经签到过了...
2023-02-07 16:31:47,793	INFO	l*******@1**.com	您似乎已经签到过了...
2023-02-07 16:31:49,285	INFO	l**********@m************.cn	您似乎已经签到过了...
2023-02-08 16:32:10,718	INFO	l************@1**.com	您似乎已经签到过了...
2023-02-08 16:32:12,265	INFO	l************@g****.com	您似乎已经签到过了...
2023-02-08 16:32:13,710	INFO	1*********@q*.com	您似乎已经签到过了...
2023-02-08 16:32:15,251	INFO	l*******@o******.com	您似乎已经签到过了...
2023-02-08 16:32:16,798	INFO	1**********@1**.com	您似乎已经签到过了...
2023-02-08 16:32:18,338	INFO	1*********@q*.com	您似乎已经签到过了...
2023-02-08 16:32:19,862	INFO	l*******@1**.com	您似乎已经签到过了...
2023-02-08 16:32:21,321	INFO	l**********@m************.cn	您似乎已经签到过了...
2023-02-09 16:32:20,983	INFO	l************@1**.com	您似乎已经签到过了...
2023-02-09 16:32:22,500	INFO	l************@g****.com	您似乎已经签到过了...
2023-02-09 16:32:24,027	INFO	1*********@q*.com	您似乎已经签到过了...
2023-02-09 16:32:25,491	INFO	l*******@o******.com	您似乎已经签到过了...
2023-02-09 16:32:27,015	INFO	1**********@1**.com	您似乎已经签到过了...
2023-02-09 16:32:28,512	INFO	1*********@q*.com	您似乎已经签到过了...
2023-02-09 16:32:30,035	INFO	l*******@1**.com	您似乎已经签到过了...
2023-02-09 16:32:31,541	INFO	l**********@m************.cn	您似乎已经签到过了...
2023-02-10 16:31:41,659	INFO	l************@1**.com	您似乎已经签到过了...
2023-02-10 16:31:43,076	INFO	l************@g****.com	您似乎已经签到过了...
2023-02-10 16:31:44,463	INFO	1*********@q*.com	您似乎已经签到过了...
2023-02-10 16:31:45,897	INFO	l*******@o******.com	您似乎已经签到过了...
2023-02-10 16:31:47,297	INFO	1**********@1**.com	您似乎已经签到过了...
2023-02-10 16:31:48,746	INFO	1*********@q*.com	您似乎已经签到过了...
2023-02-10 16:31:50,167	INFO	l*******@1**.com	您似乎已经签到过了...
2023-02-10 16:31:51,524	INFO	l**********@m************.cn	您似乎已经签到过了...
2023-02-11 16:29:15,474	INFO	l************@1**.com	您似乎已经签到过了...
2023-02-11 16:29:16,999	INFO	l************@g****.com	您似乎已经签到过了...
2023-02-11 16:29:18,486	INFO	1*********@q*.com	您似乎已经签到过了...
2023-02-11 16:29:19,964	INFO	l*******@o******.com	您似乎已经签到过了...
2023-02-11 16:29:21,423	INFO	1**********@1**.com	您似乎已经签到过了...
2023-02-11 16:29:22,907	INFO	1*********@q*.com	您似乎已经签到过了...
2023-02-11 16:29:24,365	INFO	l*******@1**.com	您似乎已经签到过了...
2023-02-11 16:29:25,795	INFO	l**********@m************.cn	您似乎已经签到过了...
